java/Boss/bosswebcontent/build/outputs/logs/manifest-merger-debug-report.txt
-- Merging decision tree log ---
manifest
ADDED from AndroidManifest.xml:2:1
	xmlns:android
		ADDED from AndroidManifest.xml:2:11
	package
		ADDED from AndroidManifest.xml:3:5
		INJECTED from AndroidManifest.xml:0:0
		INJECTED from AndroidManifest.xml:0:0
	android:versionName
		INJECTED from AndroidManifest.xml:0:0
		INJECTED from AndroidManifest.xml:0:0
	android:versionCode
		INJECTED from AndroidManifest.xml:0:0
		INJECTED from AndroidManifest.xml:0:0
application
ADDED from AndroidManifest.xml:5:5
MERGED from com.android.support:appcompat-v7:22.2.1:22:5
MERGED from com.android.support:support-v4:22.2.1:22:5
	android:label
		ADDED from AndroidManifest.xml:8:9
	android:allowBackup
		ADDED from AndroidManifest.xml:6:9
	android:icon
		ADDED from AndroidManifest.xml:7:9
	android:theme
		ADDED from AndroidManifest.xml:9:9
service#com.workshoptwelve.brainiac.boss.webcontent.WebContentService
ADDED from AndroidManifest.xml:10:9
	android:label
		ADDED from AndroidManifest.xml:11:13
	android:exported
		ADDED from AndroidManifest.xml:13:13
	android:enabled
		ADDED from AndroidManifest.xml:12:13
	android:name
		ADDED from AndroidManifest.xml:14:13
intent-filter#com.workshoptwelve.brainiac.boss.WEBCONTENT
ADDED from AndroidManifest.xml:15:13
action#com.workshoptwelve.brainiac.boss.WEBCONTENT
ADDED from AndroidManifest.xml:16:17
	android:name
		ADDED from AndroidManifest.xml:16:25
activity#com.workshoptwelve.brainiac.boss.webcontent.MainActivity
ADDED from AndroidManifest.xml:19:9
	android:label
		ADDED from AndroidManifest.xml:21:13
	android:name
		ADDED from AndroidManifest.xml:20:13
intent-filter#android.intent.action.MAIN+android.intent.category.LAUNCHER
ADDED from AndroidManifest.xml:22:13
action#android.intent.action.MAIN
ADDED from AndroidManifest.xml:23:17
	android:name
		ADDED from AndroidManifest.xml:23:25
category#android.intent.category.LAUNCHER
ADDED from AndroidManifest.xml:25:17
	android:name
		ADDED from AndroidManifest.xml:25:27
uses-sdk
INJECTED from AndroidManifest.xml:0:0 reason: use-sdk injection requested
MERGED from com.android.support:appcompat-v7:22.2.1:20:5
MERGED from com.android.support:support-v4:22.2.1:20:5
	android:targetSdkVersion
		INJECTED from AndroidManifest.xml:0:0
		INJECTED from AndroidManifest.xml:0:0
	android:minSdkVersion
		INJECTED from AndroidManifest.xml:0:0
		INJECTED from AndroidManifest.xml:0:0